2020-03-22 00:03:47 INFO  Train - Generic European Train is travelling from the depot: Paris Station...
2020-03-22 00:03:47 INFO  ActiveStation - Passenger 1 carrying 0 kg embarking at Paris heading to London
2020-03-22 00:03:47 INFO  ActiveStation - Passenger 2 carrying 0 kg embarking at Paris heading to Budapest
2020-03-22 00:03:47 INFO  ActiveStation - Passenger 3 carrying 0 kg embarking at Paris heading to Berlin
2020-03-22 00:03:47 INFO  Train - Vlad the Impalator is travelling from the depot: Bucharest Station...
2020-03-22 00:03:47 INFO  Train - Thomas the Tank Engine is travelling from the depot: Glasgow Station...
2020-03-22 00:03:47 INFO  ActiveStation - Passenger 4 carrying 29 kg embarking at Glasgow heading to London
2020-03-22 00:03:47 INFO  ActiveStation - Passenger 5 carrying 34 kg embarking at Glasgow heading to London
2020-03-22 00:03:47 INFO  ActiveStation - Passenger 6 carrying 21 kg embarking at Glasgow heading to London
2020-03-22 00:03:47 INFO  Train - Generic European Train is in Paris Station.
2020-03-22 00:03:47 INFO  Train - Vlad the Impalator is in Bucharest Station.
2020-03-22 00:03:47 INFO  Train - Thomas the Tank Engine is in Glasgow Station.
2020-03-22 00:03:50 INFO  Train - Generic European Train is ready to depart for London Station!
2020-03-22 00:03:50 INFO  Train - Vlad the Impalator is ready to depart for Budapest Station!
2020-03-22 00:03:50 INFO  Train - Thomas the Tank Engine is ready to depart for Manchester Station!
2020-03-22 00:03:50 INFO  Train - Generic European Train enroute to London Station!
2020-03-22 00:03:50 INFO  Train - Vlad the Impalator enroute to Budapest Station!
2020-03-22 00:03:50 INFO  Train - Thomas the Tank Engine enroute to Manchester Station!
2020-03-22 00:03:51 INFO  Train - Generic European Train is awaiting entry London Station..!
2020-03-22 00:03:51 INFO  ActiveStation - Passenger 7 carrying 16 kg embarking at London heading to Glasgow
2020-03-22 00:03:51 INFO  ActiveStation - Passenger 8 carrying 41 kg embarking at London heading to Glasgow
2020-03-22 00:03:51 INFO  ActiveStation - Passenger 9 carrying 4 kg embarking at London heading to Glasgow
2020-03-22 00:03:51 INFO  Train - Passenger 1 is disembarking at London
2020-03-22 00:03:51 INFO  Train - Generic European Train is in London Station.
2020-03-22 00:03:51 INFO  Train - Vlad the Impalator is awaiting entry Budapest Station..!
2020-03-22 00:03:51 INFO  ActiveStation - Passenger 10 carrying 0 kg embarking at Budapest heading to Vienna
2020-03-22 00:03:51 INFO  ActiveStation - Passenger 11 carrying 0 kg embarking at Budapest heading to Vienna
2020-03-22 00:03:51 INFO  ActiveStation - Passenger 12 carrying 0 kg embarking at Budapest heading to Bucharest
2020-03-22 00:03:51 INFO  Train - Thomas the Tank Engine is awaiting entry Manchester Station..!
2020-03-22 00:03:51 INFO  Train - Vlad the Impalator is in Budapest Station.
2020-03-22 00:03:51 INFO  Train - Thomas the Tank Engine is in Manchester Station.
2020-03-22 00:03:51 INFO  Train - Vlad the Impalator is ready to depart for Vienna Station!
2020-03-22 00:03:51 INFO  Train - Thomas the Tank Engine is ready to depart for London Station!
2020-03-22 00:03:51 INFO  Train - Vlad the Impalator enroute to Vienna Station!
2020-03-22 00:03:51 INFO  Train - Thomas the Tank Engine enroute to London Station!
2020-03-22 00:03:52 INFO  Train - Thomas the Tank Engine is awaiting entry London Station..!
2020-03-22 00:03:52 INFO  ActiveStation - Passenger 13 carrying 16 kg embarking at London heading to London
2020-03-22 00:03:52 INFO  ActiveStation - Passenger 14 carrying 9 kg embarking at London heading to London
2020-03-22 00:03:52 INFO  ActiveStation - Passenger 15 carrying 9 kg embarking at London heading to Glasgow
2020-03-22 00:03:52 INFO  Train - Passenger 4 is disembarking at London
2020-03-22 00:03:52 INFO  Train - Passenger 5 is disembarking at London
2020-03-22 00:03:52 INFO  Train - Passenger 6 is disembarking at London
2020-03-22 00:03:52 INFO  Train - Passenger 13 is disembarking at London
2020-03-22 00:03:52 INFO  Train - Passenger 14 is disembarking at London
2020-03-22 00:03:52 INFO  Train - Thomas the Tank Engine is in London Station.
2020-03-22 00:03:52 INFO  Train - Vlad the Impalator is awaiting entry Vienna Station..!
2020-03-22 00:03:52 INFO  ActiveStation - Passenger 16 carrying 0 kg embarking at Vienna heading to Budapest
2020-03-22 00:03:52 INFO  Train - Vlad the Impalator is in Vienna Station.
2020-03-22 00:03:52 INFO  Train - Vlad the Impalator is ready to depart for Berlin Station!
2020-03-22 00:03:53 INFO  Train - Vlad the Impalator enroute to Berlin Station!
2020-03-22 00:03:53 INFO  Train - Generic European Train is ready to depart for Amsterdam Station!
2020-03-22 00:03:53 INFO  Train - Generic European Train enroute to Amsterdam Station!
2020-03-22 00:03:53 INFO  Train - Vlad the Impalator is awaiting entry Berlin Station..!
2020-03-22 00:03:54 INFO  Train - Vlad the Impalator is in Berlin Station.
2020-03-22 00:03:54 INFO  Train - Vlad the Impalator is ready to depart for Paris Station!
2020-03-22 00:03:54 INFO  Train - Vlad the Impalator enroute to Paris Station!
2020-03-22 00:03:55 INFO  Train - Generic European Train is awaiting entry Amsterdam Station..!
2020-03-22 00:03:55 INFO  Train - Generic European Train is in Amsterdam Station.
2020-03-22 00:03:55 INFO  Train - Thomas the Tank Engine is ready to depart for Manchester Station!
2020-03-22 00:03:55 INFO  Train - Vlad the Impalator is awaiting entry Paris Station..!
2020-03-22 00:03:55 INFO  Train - Thomas the Tank Engine enroute to Manchester Station!
2020-03-22 00:03:55 INFO  Train - Vlad the Impalator is in Paris Station.
2020-03-22 00:03:55 INFO  Train - Vlad the Impalator is ready to depart for Berlin Station!
2020-03-22 00:03:55 INFO  Train - Vlad the Impalator enroute to Berlin Station!
2020-03-22 00:03:56 INFO  Train - Thomas the Tank Engine is awaiting entry Manchester Station..!
2020-03-22 00:03:56 INFO  Train - Thomas the Tank Engine is in Manchester Station.
2020-03-22 00:03:56 INFO  Train - Thomas the Tank Engine is ready to depart for Glasgow Station!
2020-03-22 00:03:56 INFO  Train - Thomas the Tank Engine enroute to Glasgow Station!
2020-03-22 00:03:56 INFO  Train - Vlad the Impalator is awaiting entry Berlin Station..!
2020-03-22 00:03:56 INFO  Train - Vlad the Impalator is in Berlin Station.
2020-03-22 00:03:56 INFO  Train - Vlad the Impalator is ready to depart for Vienna Station!
2020-03-22 00:03:56 INFO  Train - Vlad the Impalator enroute to Vienna Station!
2020-03-22 00:03:57 INFO  Train - Generic European Train is ready to depart for Berlin Station!
2020-03-22 00:03:57 INFO  Train - Generic European Train enroute to Berlin Station!
2020-03-22 00:03:57 INFO  Train - Thomas the Tank Engine is awaiting entry Glasgow Station..!
2020-03-22 00:03:57 INFO  ActiveStation - Passenger 17 carrying 13 kg embarking at Glasgow heading to London
2020-03-22 00:03:57 INFO  ActiveStation - Passenger 18 carrying 16 kg embarking at Glasgow heading to London
2020-03-22 00:03:57 INFO  Train - Passenger 15 is disembarking at Glasgow
2020-03-22 00:03:57 INFO  Train - Thomas the Tank Engine is in Glasgow Station.
2020-03-22 00:03:57 INFO  Train - Vlad the Impalator is awaiting entry Vienna Station..!
2020-03-22 00:03:57 INFO  ActiveStation - Passenger 19 carrying 0 kg embarking at Vienna heading to Berlin
2020-03-22 00:03:58 INFO  Train - Vlad the Impalator is in Vienna Station.
2020-03-22 00:03:58 INFO  Train - Vlad the Impalator is ready to depart for Budapest Station!
2020-03-22 00:03:58 INFO  Train - Vlad the Impalator enroute to Budapest Station!
2020-03-22 00:03:58 INFO  Train - Generic European Train is awaiting entry Berlin Station..!
2020-03-22 00:03:58 INFO  ActiveStation - Passenger 20 carrying 0 kg embarking at Berlin heading to London
2020-03-22 00:03:58 INFO  Train - Passenger 3 is disembarking at Berlin
2020-03-22 00:03:58 INFO  Train - Generic European Train is in Berlin Station.
2020-03-22 00:03:59 INFO  Train - Vlad the Impalator is awaiting entry Budapest Station..!
2020-03-22 00:03:59 INFO  ActiveStation - Passenger 21 carrying 0 kg embarking at Budapest heading to Bucharest
2020-03-22 00:03:59 INFO  ActiveStation - Passenger 22 carrying 0 kg embarking at Budapest heading to Bucharest
2020-03-22 00:03:59 INFO  Train - Vlad the Impalator is in Budapest Station.
2020-03-22 00:03:59 INFO  Train - Vlad the Impalator is ready to depart for Bucharest Station!
2020-03-22 00:03:59 INFO  Train - Vlad the Impalator enroute to Bucharest Station!
2020-03-22 00:04:00 INFO  Train - Thomas the Tank Engine is ready to depart for Manchester Station!
2020-03-22 00:04:00 INFO  Train - Thomas the Tank Engine enroute to Manchester Station!
2020-03-22 00:04:00 INFO  Train - Generic European Train is ready to depart for Amsterdam Station!
2020-03-22 00:04:00 INFO  Train - Generic European Train enroute to Amsterdam Station!
2020-03-22 00:04:00 INFO  Train - Vlad the Impalator is awaiting entry Bucharest Station..!
2020-03-22 00:04:00 INFO  ActiveStation - Passenger 23 carrying 31 kg embarking at Bucharest heading to Bucharest
2020-03-22 00:04:00 INFO  ActiveStation - Passenger 24 carrying 42 kg embarking at Bucharest heading to Bucharest
2020-03-22 00:04:00 INFO  ActiveStation - Passenger 25 carrying 18 kg embarking at Bucharest heading to Bucharest
2020-03-22 00:04:00 INFO  Train - Passenger 12 is disembarking at Bucharest
2020-03-22 00:04:00 INFO  Train - Passenger 21 is disembarking at Bucharest
2020-03-22 00:04:00 INFO  Train - Passenger 22 is disembarking at Bucharest
2020-03-22 00:04:00 INFO  Train - Passenger 23 is disembarking at Bucharest
2020-03-22 00:04:00 INFO  Train - Passenger 24 is disembarking at Bucharest
2020-03-22 00:04:00 INFO  Train - Passenger 25 is disembarking at Bucharest
2020-03-22 00:04:00 INFO  Train - Vlad the Impalator is in Bucharest Station.
2020-03-22 00:04:01 INFO  Train - Thomas the Tank Engine is awaiting entry Manchester Station..!
2020-03-22 00:04:01 INFO  Train - Thomas the Tank Engine is in Manchester Station.
2020-03-22 00:04:01 INFO  Train - Generic European Train is awaiting entry Amsterdam Station..!
2020-03-22 00:04:01 INFO  ActiveStation - Passenger 26 carrying 0 kg embarking at Amsterdam heading to Berlin
2020-03-22 00:04:01 INFO  ActiveStation - Passenger 27 carrying 0 kg embarking at Amsterdam heading to London
2020-03-22 00:04:01 INFO  Train - Thomas the Tank Engine is ready to depart for London Station!
2020-03-22 00:04:01 INFO  Train - Generic European Train is in Amsterdam Station.
2020-03-22 00:04:01 INFO  Train - Thomas the Tank Engine enroute to London Station!
2020-03-22 01:18:01 INFO  Train - Generic European Train is travelling from the depot: Paris Station...
2020-03-22 01:18:01 INFO  ActiveStation - Passenger 1 carrying 0 kg embarking at Paris heading to London
2020-03-22 01:18:01 INFO  ActiveStation - Passenger 2 carrying 0 kg embarking at Paris heading to Budapest
2020-03-22 01:18:01 INFO  ActiveStation - Passenger 3 carrying 0 kg embarking at Paris heading to Berlin
2020-03-22 01:18:01 INFO  Train - Vlad the Impalator is travelling from the depot: Bucharest Station...
2020-03-22 01:18:01 INFO  Train - Thomas the Tank Engine is travelling from the depot: Glasgow Station...
2020-03-22 01:18:01 INFO  ActiveStation - Passenger 4 carrying 29 kg embarking at Glasgow heading to London
2020-03-22 01:18:01 INFO  ActiveStation - Passenger 5 carrying 34 kg embarking at Glasgow heading to London
2020-03-22 01:18:01 INFO  ActiveStation - Passenger 6 carrying 21 kg embarking at Glasgow heading to London
2020-03-22 01:18:01 INFO  Train - Generic European Train is in Paris Station.
2020-03-22 01:18:01 INFO  Train - Vlad the Impalator is in Bucharest Station.
2020-03-22 01:18:01 INFO  Train - Thomas the Tank Engine is in Glasgow Station.
2020-03-22 01:18:03 INFO  Train - Generic European Train is ready to depart for London Station!
2020-03-22 01:18:03 INFO  Train - Vlad the Impalator is ready to depart for Budapest Station!
2020-03-22 01:18:03 INFO  Train - Thomas the Tank Engine is ready to depart for Manchester Station!
2020-03-22 01:18:03 INFO  Train - Generic European Train enroute to London Station!
2020-03-22 01:18:03 INFO  Train - Vlad the Impalator enroute to Budapest Station!
2020-03-22 01:18:03 INFO  Train - Thomas the Tank Engine enroute to Manchester Station!
2020-03-22 01:18:04 INFO  Train - Generic European Train is awaiting entry London Station..!
2020-03-22 01:18:04 INFO  ActiveStation - Passenger 7 carrying 16 kg embarking at London heading to Glasgow
2020-03-22 01:18:04 INFO  ActiveStation - Passenger 8 carrying 41 kg embarking at London heading to Glasgow
2020-03-22 01:18:04 INFO  ActiveStation - Passenger 9 carrying 4 kg embarking at London heading to Glasgow
2020-03-22 01:18:04 INFO  Train - Passenger 1 is disembarking at London
2020-03-22 01:18:04 INFO  Train - Generic European Train is in London Station.
2020-03-22 01:18:05 INFO  Train - Vlad the Impalator is awaiting entry Budapest Station..!
2020-03-22 01:18:05 INFO  ActiveStation - Passenger 10 carrying 0 kg embarking at Budapest heading to Vienna
2020-03-22 01:18:05 INFO  ActiveStation - Passenger 11 carrying 0 kg embarking at Budapest heading to Vienna
2020-03-22 01:18:05 INFO  ActiveStation - Passenger 12 carrying 0 kg embarking at Budapest heading to Bucharest
2020-03-22 01:18:05 INFO  Train - Thomas the Tank Engine is awaiting entry Manchester Station..!
2020-03-22 01:18:05 INFO  Train - Vlad the Impalator is in Budapest Station.
2020-03-22 01:18:05 INFO  Train - Thomas the Tank Engine is in Manchester Station.
2020-03-22 01:18:05 INFO  Train - Vlad the Impalator is ready to depart for Vienna Station!
2020-03-22 01:18:05 INFO  Train - Thomas the Tank Engine is ready to depart for London Station!
2020-03-22 01:18:05 INFO  Train - Vlad the Impalator enroute to Vienna Station!
2020-03-22 01:18:05 INFO  Train - Thomas the Tank Engine enroute to London Station!
2020-03-22 01:18:54 INFO  Train - Generic European Train is travelling from the depot: Paris Station...
2020-03-22 01:18:54 INFO  ActiveStation - Passenger 1 carrying 0 kg embarking at Paris heading to London
2020-03-22 01:18:54 INFO  ActiveStation - Passenger 2 carrying 0 kg embarking at Paris heading to Budapest
2020-03-22 01:18:54 INFO  ActiveStation - Passenger 3 carrying 0 kg embarking at Paris heading to Berlin
2020-03-22 01:18:54 INFO  Train - Vlad the Impalator is travelling from the depot: Bucharest Station...
2020-03-22 01:18:54 INFO  Train - Thomas the Tank Engine is travelling from the depot: Glasgow Station...
2020-03-22 01:18:54 INFO  ActiveStation - Passenger 4 carrying 29 kg embarking at Glasgow heading to London
2020-03-22 01:18:54 INFO  ActiveStation - Passenger 5 carrying 34 kg embarking at Glasgow heading to London
2020-03-22 01:18:54 INFO  ActiveStation - Passenger 6 carrying 21 kg embarking at Glasgow heading to London
2020-03-22 01:18:54 INFO  Train - Generic European Train is in Paris Station.
2020-03-22 01:18:54 INFO  Train - Vlad the Impalator is in Bucharest Station.
2020-03-22 01:18:54 INFO  Train - Thomas the Tank Engine is in Glasgow Station.
2020-03-22 01:18:56 INFO  Train - Generic European Train is ready to depart for London Station!
2020-03-22 01:18:56 INFO  Train - Vlad the Impalator is ready to depart for Budapest Station!
2020-03-22 01:18:56 INFO  Train - Thomas the Tank Engine is ready to depart for Manchester Station!
2020-03-22 01:18:56 INFO  Train - Generic European Train enroute to London Station!
2020-03-22 01:18:56 INFO  Train - Vlad the Impalator enroute to Budapest Station!
2020-03-22 01:18:56 INFO  Train - Thomas the Tank Engine enroute to Manchester Station!
2020-03-22 01:18:57 INFO  Train - Generic European Train is awaiting entry London Station..!
2020-03-22 01:18:57 INFO  ActiveStation - Passenger 7 carrying 16 kg embarking at London heading to Glasgow
2020-03-22 01:18:57 INFO  ActiveStation - Passenger 8 carrying 41 kg embarking at London heading to Glasgow
2020-03-22 01:18:57 INFO  ActiveStation - Passenger 9 carrying 4 kg embarking at London heading to Glasgow
2020-03-22 01:18:57 INFO  Train - Passenger 1 is disembarking at London
2020-03-22 01:18:57 INFO  Train - Generic European Train is in London Station.
2020-03-22 01:18:57 INFO  Train - Vlad the Impalator is awaiting entry Budapest Station..!
2020-03-22 01:18:57 INFO  ActiveStation - Passenger 10 carrying 0 kg embarking at Budapest heading to Vienna
2020-03-22 01:18:57 INFO  ActiveStation - Passenger 11 carrying 0 kg embarking at Budapest heading to Vienna
2020-03-22 01:18:57 INFO  ActiveStation - Passenger 12 carrying 0 kg embarking at Budapest heading to Bucharest
2020-03-22 01:18:57 INFO  Train - Thomas the Tank Engine is awaiting entry Manchester Station..!
2020-03-22 01:18:57 INFO  Train - Vlad the Impalator is in Budapest Station.
2020-03-22 01:18:57 INFO  Train - Thomas the Tank Engine is in Manchester Station.
2020-03-22 01:18:57 INFO  Train - Vlad the Impalator is ready to depart for Vienna Station!
2020-03-22 01:18:57 INFO  Train - Thomas the Tank Engine is ready to depart for London Station!
2020-03-22 01:18:58 INFO  Train - Vlad the Impalator enroute to Vienna Station!
2020-03-22 01:18:58 INFO  Train - Thomas the Tank Engine enroute to London Station!
2020-03-22 01:18:59 INFO  Train - Thomas the Tank Engine is awaiting entry London Station..!
2020-03-22 01:18:59 INFO  ActiveStation - Passenger 13 carrying 16 kg embarking at London heading to London
2020-03-22 01:18:59 INFO  ActiveStation - Passenger 14 carrying 9 kg embarking at London heading to London
2020-03-22 01:18:59 INFO  ActiveStation - Passenger 15 carrying 9 kg embarking at London heading to Glasgow
2020-03-22 01:18:59 INFO  Train - Passenger 4 is disembarking at London
2020-03-22 01:18:59 INFO  Train - Passenger 5 is disembarking at London
2020-03-22 01:18:59 INFO  Train - Passenger 6 is disembarking at London
2020-03-22 01:18:59 INFO  Train - Passenger 13 is disembarking at London
2020-03-22 01:18:59 INFO  Train - Passenger 14 is disembarking at London
2020-03-22 01:18:59 INFO  Train - Thomas the Tank Engine is in London Station.
2020-03-22 01:18:59 INFO  Train - Vlad the Impalator is awaiting entry Vienna Station..!
2020-03-22 01:18:59 INFO  ActiveStation - Passenger 16 carrying 0 kg embarking at Vienna heading to Budapest
2020-03-22 01:18:59 INFO  Train - Vlad the Impalator is in Vienna Station.
2020-03-22 01:18:59 INFO  Train - Vlad the Impalator is ready to depart for Berlin Station!
2020-03-22 01:18:59 INFO  Train - Vlad the Impalator enroute to Berlin Station!
2020-03-22 01:18:59 INFO  Train - Generic European Train is ready to depart for Amsterdam Station!
2020-03-22 01:18:59 INFO  Train - Generic European Train enroute to Amsterdam Station!
2020-03-22 01:19:00 INFO  Train - Vlad the Impalator is awaiting entry Berlin Station..!
2020-03-22 01:19:00 INFO  Train - Vlad the Impalator is in Berlin Station.
2020-03-22 01:19:00 INFO  Train - Vlad the Impalator is ready to depart for Paris Station!
2020-03-22 01:19:00 INFO  Train - Vlad the Impalator enroute to Paris Station!
2020-03-22 01:19:01 INFO  Train - Generic European Train is awaiting entry Amsterdam Station..!
2020-03-22 01:19:01 INFO  Train - Generic European Train is in Amsterdam Station.
2020-03-22 01:19:01 INFO  Train - Thomas the Tank Engine is ready to depart for Manchester Station!
2020-03-22 01:19:01 INFO  Train - Thomas the Tank Engine enroute to Manchester Station!
