#
# A fatal error has been detected by the Java Runtime Environment:
#
#  EXCEPTION_ACCESS_VIOLATION (0xc0000005) at pc=0x00007ffabf8b3def, pid=6452, tid=0x0000000000001640
#
# JRE version: Java(TM) SE Runtime Environment (8.0_121-b13) (build 1.8.0_121-b13)
# Java VM: Java HotSpot(TM) 64-Bit Server VM (25.121-b13 mixed mode windows-amd64 compressed oops)
# Problematic frame:
# C  [msvcrt.dll+0x73def]
#
# Failed to write core dump. Minidumps are not enabled by default on client versions of Windows
#
# If you would like to submit a bug report, please visit:
#   http://bugreport.java.com/bugreport/crash.jsp
# The crash happened outside the Java Virtual Machine in native code.
# See problematic frame for where to report the bug.
#

---------------  T H R E A D  ---------------

Current thread (0x0000000016e70000):  JavaThread "LWJGL Application" [_thread_in_native, id=5696, stack(0x00000000179c0000,0x0000000017ac0000)]

siginfo: ExceptionCode=0xc0000005, writing address 0x0000000000000000

Registers:
RAX=0x00000000eb6c22d0, RBX=0x0000000016e701f8, RCX=0x0000000000000020, RDX=0x00000000eb6c22d0
RSP=0x0000000017abefe8, RBP=0x0000000000000000, RSI=0x0000000017abf080, RDI=0x00000000eb6c22d0
R8 =0x0000000000000000, R9 =0x0000000000000023, R10=0x000000000000000c, R11=0x0000000000000000
R12=0x0000000000000000, R13=0x0000000000000118, R14=0x0000000017abf0b0, R15=0x0000000016e70000
RIP=0x00007ffabf8b3def, EFLAGS=0x0000000000010202

Top of Stack: (sp=0x0000000017abefe8)
0x0000000017abefe8:   0000000065583a34 0000000016e701f8
0x0000000017abeff8:   0000000000000000 0000000017abf080
0x0000000017abf008:   00000000c17b4ae8 0000000019550080
0x0000000017abf018:   0000000000000118 00000000eb6c2070
0x0000000017abf028:   0000000000000000 0000000017abf0c0
0x0000000017abf038:   0000000000000000 00000000eb6c2070
0x0000000017abf048:   0000000002f9326e 00000000c175b9e0
0x0000000017abf058:   0000000000000de1 0000000017abf0c0
0x0000000017abf068:   0000000000000000 0000000000000118
0x0000000017abf078:   0000000000000000 00000000eb6c22c0
0x0000000017abf088:   00000000eb6c21b8 00000000c17b56d8
0x0000000017abf098:   00000000c17ad1c8 0000000e0000000e
0x0000000017abf0a8:   00000000c14532c0 00000000c1819380
0x0000000017abf0b8:   c17b579000000000 00000000eb6c21b8
0x0000000017abf0c8:   00000000031c4660 00000000eb6c1ed8
0x0000000017abf0d8:   0000011800000054 eb6c21b8eb6c2070 

Instructions: (pc=0x00007ffabf8b3def)
0x00007ffabf8b3dcf:   49 81 f9 00 20 00 00 0f 87 76 00 00 00 49 83 e0
0x00007ffabf8b3ddf:   1f f3 0f 6f 04 0a f3 0f 6f 4c 0a 10 48 83 c1 20
0x00007ffabf8b3def:   66 0f 7f 41 e0 66 0f 7f 49 f0 49 ff c9 75 e2 e9
0x00007ffabf8b3dff:   4f ff ff ff 66 66 66 66 66 66 66 0f 1f 84 00 00 


Register to memory mapping:

RAX=0x00000000eb6c22d0 is an oop

[error occurred during error reporting (printing register info), id 0xc0000005]

Stack: [0x00000000179c0000,0x0000000017ac0000],  sp=0x0000000017abefe8,  free space=1019k
Native frames: (J=compiled Java code, j=interpreted, Vv=VM code, C=native code)

Java frames: (J=compiled Java code, j=interpreted, Vv=VM code)
J 965  com.badlogic.gdx.utils.BufferUtils.copyJni([FLjava/nio/Buffer;II)V (0 bytes) @ 0x0000000002f931f0 [0x0000000002f93180+0x70]
J 1612 C2 com.badlogic.gdx.graphics.g2d.SpriteBatch.flush()V (185 bytes) @ 0x00000000031c4660 [0x00000000031c44c0+0x1a0]
J 1742 C2 com.unimelb.swen30006.metromadness.MetroMadness.render()V (137 bytes) @ 0x0000000002f7a43c [0x0000000002f798c0+0xb7c]
j  com.badlogic.gdx.backends.lwjgl.LwjglApplication.mainLoop()V+698
j  com.badlogic.gdx.backends.lwjgl.LwjglApplication$1.run()V+27
v  ~StubRoutines::call_stub

---------------  P R O C E S S  ---------------

Java Threads: ( => current thread )
  0x0000000017f2d000 JavaThread "LWJGL Timer" daemon [_thread_blocked, id=8948, stack(0x000000001df50000,0x000000001e050000)]
  0x0000000002b1e800 JavaThread "DestroyJavaVM" [_thread_blocked, id=4960, stack(0x00000000029a0000,0x0000000002aa0000)]
=>0x0000000016e70000 JavaThread "LWJGL Application" [_thread_in_native, id=5696, stack(0x00000000179c0000,0x0000000017ac0000)]
  0x0000000016baa800 JavaThread "Service Thread" daemon [_thread_blocked, id=3384, stack(0x0000000016f80000,0x0000000017080000)]
  0x0000000015237000 JavaThread "C1 CompilerThread2" daemon [_thread_blocked, id=8820, stack(0x0000000016a80000,0x0000000016b80000)]
  0x0000000015232000 JavaThread "C2 CompilerThread1" daemon [_thread_blocked, id=8016, stack(0x0000000016980000,0x0000000016a80000)]
  0x000000001522e800 JavaThread "C2 CompilerThread0" daemon [_thread_blocked, id=9036, stack(0x0000000016880000,0x0000000016980000)]
  0x000000001522d000 JavaThread "Attach Listener" daemon [_thread_blocked, id=6792, stack(0x0000000016780000,0x0000000016880000)]
  0x000000001522b800 JavaThread "Signal Dispatcher" daemon [_thread_blocked, id=6752, stack(0x0000000016680000,0x0000000016780000)]
  0x000000001521a800 JavaThread "Finalizer" daemon [_thread_blocked, id=8836, stack(0x0000000016490000,0x0000000016590000)]
  0x00000000151f9000 JavaThread "Reference Handler" daemon [_thread_blocked, id=6092, stack(0x0000000016390000,0x0000000016490000)]

Other Threads:
  0x00000000151f7000 VMThread [stack: 0x0000000016290000,0x0000000016390000] [id=5520]
  0x0000000016bf5800 WatcherThread [stack: 0x0000000017080000,0x0000000017180000] [id=8764]

VM state:not at safepoint (normal execution)

VM Mutex/Monitor currently owned by a thread: None

Heap:
 PSYoungGen      total 17408K, used 6751K [0x00000000eb180000, 0x00000000ec400000, 0x0000000100000000)
  eden space 15872K, 35% used [0x00000000eb180000,0x00000000eb70fe58,0x00000000ec100000)
  from space 1536K, 68% used [0x00000000ec180000,0x00000000ec288000,0x00000000ec300000)
  to   space 1024K, 0% used [0x00000000ec300000,0x00000000ec300000,0x00000000ec400000)
 ParOldGen       total 58880K, used 56207K [0x00000000c1400000, 0x00000000c4d80000, 0x00000000eb180000)
  object space 58880K, 95% used [0x00000000c1400000,0x00000000c4ae3ec8,0x00000000c4d80000)
 Metaspace       used 12719K, capacity 12829K, committed 12928K, reserved 1060864K
  class space    used 1362K, capacity 1399K, committed 1408K, reserved 1048576K

Card table byte_map: [0x0000000011fe0000,0x00000000121e0000] byte_map_base: 0x00000000119d6000

Marking Bits: (ParMarkBitMap*) 0x0000000050cbb6d0
 Begin Bits: [0x0000000012730000, 0x00000000136e0000)
 End Bits:   [0x00000000136e0000, 0x0000000014690000)

Polling page: 0x0000000001150000

CodeCache: size=245760Kb used=5928Kb max_used=6202Kb free=239831Kb
 bounds [0x0000000002c20000, 0x0000000003240000, 0x0000000011c20000]
 total_blobs=2141 nmethods=1604 adapters=449
 compilation: enabled

Compilation events (10 events):
Event: 151.859 Thread 0x0000000015232000 nmethod 1738 0x0000000002f671d0 code [0x0000000002f67320, 0x0000000002f67558]
Event: 151.859 Thread 0x0000000015232000 1740       4       com.badlogic.gdx.backends.lwjgl.audio.OpenALAudio::update (43 bytes)
Event: 151.860 Thread 0x0000000015232000 nmethod 1740 0x0000000002d53150 code [0x0000000002d53280, 0x0000000002d53318]
Event: 151.861 Thread 0x0000000015232000 1741       4       com.badlogic.gdx.backends.lwjgl.LwjglGraphics::updateTime (65 bytes)
Event: 151.861 Thread 0x0000000015232000 nmethod 1741 0x0000000002e7dc50 code [0x0000000002e7dda0, 0x0000000002e7de58]
Event: 151.862 Thread 0x0000000015232000 1742       4       com.unimelb.swen30006.metromadness.MetroMadness::render (137 bytes)
Event: 151.887 Thread 0x000000001522e800 nmethod 1739 0x0000000003231890 code [0x0000000003231ae0, 0x00000000032329d0]
Event: 151.928 Thread 0x0000000015232000 nmethod 1742 0x0000000002f79490 code [0x0000000002f798c0, 0x0000000002f7b660]
Event: 164.329 Thread 0x000000001522e800 1743       4       com.badlogic.gdx.graphics.glutils.ShapeRenderer::setColor (10 bytes)
Event: 164.331 Thread 0x000000001522e800 nmethod 1743 0x0000000002e77590 code [0x0000000002e776c0, 0x0000000002e77778]

GC Heap History (10 events):
Event: 153.659 GC heap before
{Heap before GC invocations=58 (full 1):
 PSYoungGen      total 17920K, used 16928K [0x00000000eb180000, 0x00000000ec500000, 0x0000000100000000)
  eden space 15872K, 100% used [0x00000000eb180000,0x00000000ec100000,0x00000000ec100000)
  from space 2048K, 51% used [0x00000000ec300000,0x00000000ec408000,0x00000000ec500000)
  to   space 2048K, 0% used [0x00000000ec100000,0x00000000ec100000,0x00000000ec300000)
 ParOldGen       total 58880K, used 51559K [0x00000000c1400000, 0x00000000c4d80000, 0x00000000eb180000)
  object space 58880K, 87% used [0x00000000c1400000,0x00000000c4659ec8,0x00000000c4d80000)
 Metaspace       used 12719K, capacity 12829K, committed 12928K, reserved 1060864K
  class space    used 1362K, capacity 1399K, committed 1408K, reserved 1048576K
Event: 153.661 GC heap after
Heap after GC invocations=58 (full 1):
 PSYoungGen      total 17920K, used 1024K [0x00000000eb180000, 0x00000000ec500000, 0x0000000100000000)
  eden space 15872K, 0% used [0x00000000eb180000,0x00000000eb180000,0x00000000ec100000)
  from space 2048K, 50% used [0x00000000ec100000,0x00000000ec200000,0x00000000ec300000)
  to   space 2048K, 0% used [0x00000000ec300000,0x00000000ec300000,0x00000000ec500000)
 ParOldGen       total 58880K, used 52487K [0x00000000c1400000, 0x00000000c4d80000, 0x00000000eb180000)
  object space 58880K, 89% used [0x00000000c1400000,0x00000000c4741ec8,0x00000000c4d80000)
 Metaspace       used 12719K, capacity 12829K, committed 12928K, reserved 1060864K
  class space    used 1362K, capacity 1399K, committed 1408K, reserved 1048576K
}
Event: 156.294 GC heap before
{Heap before GC invocations=59 (full 1):
 PSYoungGen      total 17920K, used 16896K [0x00000000eb180000, 0x00000000ec500000, 0x0000000100000000)
  eden space 15872K, 100% used [0x00000000eb180000,0x00000000ec100000,0x00000000ec100000)
  from space 2048K, 50% used [0x00000000ec100000,0x00000000ec200000,0x00000000ec300000)
  to   space 2048K, 0% used [0x00000000ec300000,0x00000000ec300000,0x00000000ec500000)
 ParOldGen       total 58880K, used 52487K [0x00000000c1400000, 0x00000000c4d80000, 0x00000000eb180000)
  object space 58880K, 89% used [0x00000000c1400000,0x00000000c4741ec8,0x00000000c4d80000)
 Metaspace       used 12719K, capacity 12829K, committed 12928K, reserved 1060864K
  class space    used 1362K, capacity 1399K, committed 1408K, reserved 1048576K
Event: 156.300 GC heap after
Heap after GC invocations=59 (full 1):
 PSYoungGen      total 17920K, used 1166K [0x00000000eb180000, 0x00000000ec500000, 0x0000000100000000)
  eden space 15872K, 0% used [0x00000000eb180000,0x00000000eb180000,0x00000000ec100000)
  from space 2048K, 56% used [0x00000000ec300000,0x00000000ec423890,0x00000000ec500000)
  to   space 2048K, 0% used [0x00000000ec100000,0x00000000ec100000,0x00000000ec300000)
 ParOldGen       total 58880K, used 53415K [0x00000000c1400000, 0x00000000c4d80000, 0x00000000eb180000)
  object space 58880K, 90% used [0x00000000c1400000,0x00000000c4829ec8,0x00000000c4d80000)
 Metaspace       used 12719K, capacity 12829K, committed 12928K, reserved 1060864K
  class space    used 1362K, capacity 1399K, committed 1408K, reserved 1048576K
}
Event: 159.024 GC heap before
{Heap before GC invocations=60 (full 1):
 PSYoungGen      total 17920K, used 17038K [0x00000000eb180000, 0x00000000ec500000, 0x0000000100000000)
  eden space 15872K, 100% used [0x00000000eb180000,0x00000000ec100000,0x00000000ec100000)
  from space 2048K, 56% used [0x00000000ec300000,0x00000000ec423890,0x00000000ec500000)
  to   space 2048K, 0% used [0x00000000ec100000,0x00000000ec100000,0x00000000ec300000)
 ParOldGen       total 58880K, used 53415K [0x00000000c1400000, 0x00000000c4d80000, 0x00000000eb180000)
  object space 58880K, 90% used [0x00000000c1400000,0x00000000c4829ec8,0x00000000c4d80000)
 Metaspace       used 12719K, capacity 12829K, committed 12928K, reserved 1060864K
  class space    used 1362K, capacity 1399K, committed 1408K, reserved 1048576K
Event: 159.025 GC heap after
Heap after GC invocations=60 (full 1):
 PSYoungGen      total 17920K, used 1056K [0x00000000eb180000, 0x00000000ec500000, 0x0000000100000000)
  eden space 15872K, 0% used [0x00000000eb180000,0x00000000eb180000,0x00000000ec100000)
  from space 2048K, 51% used [0x00000000ec100000,0x00000000ec208000,0x00000000ec300000)
  to   space 2048K, 0% used [0x00000000ec300000,0x00000000ec300000,0x00000000ec500000)
 ParOldGen       total 58880K, used 54343K [0x00000000c1400000, 0x00000000c4d80000, 0x00000000eb180000)
  object space 58880K, 92% used [0x00000000c1400000,0x00000000c4911ec8,0x00000000c4d80000)
 Metaspace       used 12719K, capacity 12829K, committed 12928K, reserved 1060864K
  class space    used 1362K, capacity 1399K, committed 1408K, reserved 1048576K
}
Event: 161.678 GC heap before
{Heap before GC invocations=61 (full 1):
 PSYoungGen      total 17920K, used 16928K [0x00000000eb180000, 0x00000000ec500000, 0x0000000100000000)
  eden space 15872K, 100% used [0x00000000eb180000,0x00000000ec100000,0x00000000ec100000)
  from space 2048K, 51% used [0x00000000ec100000,0x00000000ec208000,0x00000000ec300000)
  to   space 2048K, 0% used [0x00000000ec300000,0x00000000ec300000,0x00000000ec500000)
 ParOldGen       total 58880K, used 54343K [0x00000000c1400000, 0x00000000c4d80000, 0x00000000eb180000)
  object space 58880K, 92% used [0x00000000c1400000,0x00000000c4911ec8,0x00000000c4d80000)
 Metaspace       used 12719K, capacity 12829K, committed 12928K, reserved 1060864K
  class space    used 1362K, capacity 1399K, committed 1408K, reserved 1048576K
Event: 161.680 GC heap after
Heap after GC invocations=61 (full 1):
 PSYoungGen      total 17408K, used 1088K [0x00000000eb180000, 0x00000000ec480000, 0x0000000100000000)
  eden space 15872K, 0% used [0x00000000eb180000,0x00000000eb180000,0x00000000ec100000)
  from space 1536K, 70% used [0x00000000ec300000,0x00000000ec410000,0x00000000ec480000)
  to   space 1536K, 0% used [0x00000000ec180000,0x00000000ec180000,0x00000000ec300000)
 ParOldGen       total 58880K, used 55279K [0x00000000c1400000, 0x00000000c4d80000, 0x00000000eb180000)
  object space 58880K, 93% used [0x00000000c1400000,0x00000000c49fbec8,0x00000000c4d80000)
 Metaspace       used 12719K, capacity 12829K, committed 12928K, reserved 1060864K
  class space    used 1362K, capacity 1399K, committed 1408K, reserved 1048576K
}
Event: 164.329 GC heap before
{Heap before GC invocations=62 (full 1):
 PSYoungGen      total 17408K, used 16960K [0x00000000eb180000, 0x00000000ec480000, 0x0000000100000000)
  eden space 15872K, 100% used [0x00000000eb180000,0x00000000ec100000,0x00000000ec100000)
  from space 1536K, 70% used [0x00000000ec300000,0x00000000ec410000,0x00000000ec480000)
  to   space 1536K, 0% used [0x00000000ec180000,0x00000000ec180000,0x00000000ec300000)
 ParOldGen       total 58880K, used 55279K [0x00000000c1400000, 0x00000000c4d80000, 0x00000000eb180000)
  object space 58880K, 93% used [0x00000000c1400000,0x00000000c49fbec8,0x00000000c4d80000)
 Metaspace       used 12719K, capacity 12829K, committed 12928K, reserved 1060864K
  class space    used 1362K, capacity 1399K, committed 1408K, reserved 1048576K
Event: 164.331 GC heap after
Heap after GC invocations=62 (full 1):
 PSYoungGen      total 17408K, used 1056K [0x00000000eb180000, 0x00000000ec400000, 0x0000000100000000)
  eden space 15872K, 0% used [0x00000000eb180000,0x00000000eb180000,0x00000000ec100000)
  from space 1536K, 68% used [0x00000000ec180000,0x00000000ec288000,0x00000000ec300000)
  to   space 1024K, 0% used [0x00000000ec300000,0x00000000ec300000,0x00000000ec400000)
 ParOldGen       total 58880K, used 56207K [0x00000000c1400000, 0x00000000c4d80000, 0x00000000eb180000)
  object space 58880K, 95% used [0x00000000c1400000,0x00000000c4ae3ec8,0x00000000c4d80000)
 Metaspace       used 12719K, capacity 12829K, committed 12928K, reserved 1060864K
  class space    used 1362K, capacity 1399K, committed 1408K, reserved 1048576K
}

Deoptimization events (10 events):
Event: 4.393 Thread 0x0000000016e70000 Uncommon trap: reason=class_check action=maybe_recompile pc=0x0000000002eec250 method=java.util.HashMap.putVal(ILjava/lang/Object;Ljava/lang/Object;ZZ)Ljava/lang/Object; @ 203
Event: 4.437 Thread 0x0000000016e70000 Uncommon trap: reason=class_check action=maybe_recompile pc=0x0000000002eec250 method=java.util.HashMap.putVal(ILjava/lang/Object;Ljava/lang/Object;ZZ)Ljava/lang/Object; @ 203
Event: 11.951 Thread 0x0000000016e70000 Uncommon trap: reason=null_check action=make_not_entrant pc=0x00000000030a1a30 method=com.badlogic.gdx.utils.ObjectIntMap.put(Ljava/lang/Object;I)V @ 43
Event: 12.086 Thread 0x0000000016e70000 Uncommon trap: reason=null_check action=make_not_entrant pc=0x00000000030a7bb8 method=com.badlogic.gdx.utils.ObjectIntMap.put(Ljava/lang/Object;I)V @ 75
Event: 12.220 Thread 0x0000000016e70000 Uncommon trap: reason=null_check action=make_not_entrant pc=0x00000000030a8b58 method=com.badlogic.gdx.utils.ObjectIntMap.put(Ljava/lang/Object;I)V @ 107
Event: 36.382 Thread 0x0000000016e70000 Uncommon trap: reason=unstable_if action=reinterpret pc=0x00000000030a2794 method=java.nio.Bits.tryReserveMemory(JI)Z @ 29
Event: 41.378 Thread 0x0000000016e70000 Uncommon trap: reason=unstable_if action=reinterpret pc=0x0000000002fbc76c method=com.badlogic.gdx.graphics.Color.clamp()Lcom/badlogic/gdx/graphics/Color; @ 85
Event: 41.395 Thread 0x0000000016e70000 Uncommon trap: reason=unstable_if action=reinterpret pc=0x0000000002fa19cc method=com.badlogic.gdx.graphics.Color.clamp()Lcom/badlogic/gdx/graphics/Color; @ 85
Event: 63.156 Thread 0x0000000016e70000 Uncommon trap: reason=unstable_if action=reinterpret pc=0x00000000031c251c method=java.util.ArrayList.clear()V @ 17
Event: 163.662 Thread 0x0000000016e70000 Uncommon trap: reason=unstable_if action=reinterpret pc=0x00000000032185e0 method=com.badlogic.gdx.graphics.Color.clamp()Lcom/badlogic/gdx/graphics/Color; @ 6

Internal exceptions (10 events):
Event: 2.858 Thread 0x0000000002b1e800 Exception <a 'java/security/PrivilegedActionException'> (0x00000000eb4a3548) thrown at [C:\re\workspace\8-2-build-windows-amd64-cygwin\jdk8u121\8372\hotspot\src\share\vm\prims\jvm.cpp, line 1390]
Event: 2.858 Thread 0x0000000002b1e800 Exception <a 'java/security/PrivilegedActionException'> (0x00000000eb4a46b8) thrown at [C:\re\workspace\8-2-build-windows-amd64-cygwin\jdk8u121\8372\hotspot\src\share\vm\prims\jvm.cpp, line 1390]
Event: 2.858 Thread 0x0000000002b1e800 Exception <a 'java/security/PrivilegedActionException'> (0x00000000eb4a9820) thrown at [C:\re\workspace\8-2-build-windows-amd64-cygwin\jdk8u121\8372\hotspot\src\share\vm\prims\jvm.cpp, line 1390]
Event: 2.858 Thread 0x0000000002b1e800 Exception <a 'java/security/PrivilegedActionException'> (0x00000000eb4aa478) thrown at [C:\re\workspace\8-2-build-windows-amd64-cygwin\jdk8u121\8372\hotspot\src\share\vm\prims\jvm.cpp, line 1390]
Event: 2.858 Thread 0x0000000002b1e800 Exception <a 'java/security/PrivilegedActionException'> (0x00000000eb4ab0a0) thrown at [C:\re\workspace\8-2-build-windows-amd64-cygwin\jdk8u121\8372\hotspot\src\share\vm\prims\jvm.cpp, line 1390]
Event: 4.254 Thread 0x0000000016e70000 Exception <a 'java/lang/ArrayIndexOutOfBoundsException': 18> (0x00000000eb5bdd48) thrown at [C:\re\workspace\8-2-build-windows-amd64-cygwin\jdk8u121\8372\hotspot\src\share\vm\interpreter\interpreterRuntime.cpp, line 366]
Event: 4.255 Thread 0x0000000016e70000 Exception <a 'java/lang/ArrayIndexOutOfBoundsException': 110> (0x00000000eb5bf2a0) thrown at [C:\re\workspace\8-2-build-windows-amd64-cygwin\jdk8u121\8372\hotspot\src\share\vm\interpreter\interpreterRuntime.cpp, line 366]
Event: 11.951 Thread 0x0000000016e70000 Implicit null exception at 0x00000000030a146e to 0x00000000030a1a05
Event: 12.086 Thread 0x0000000016e70000 Implicit null exception at 0x00000000030a7662 to 0x00000000030a7b85
Event: 12.220 Thread 0x0000000016e70000 Implicit null exception at 0x00000000030a8710 to 0x00000000030a8b1d

Events (10 events):
Event: 159.011 Executing VM operation: ParallelGCFailedAllocation
Event: 159.026 Executing VM operation: ParallelGCFailedAllocation done
Event: 161.678 Executing VM operation: ParallelGCFailedAllocation
Event: 161.681 Executing VM operation: ParallelGCFailedAllocation done
Event: 163.662 Thread 0x0000000016e70000 Uncommon trap: trap_request=0xffffff65 fr.pc=0x00000000032185e0
Event: 163.662 Thread 0x0000000016e70000 DEOPT PACKING pc=0x00000000032185e0 sp=0x0000000017abf060
Event: 163.662 Thread 0x0000000016e70000 DEOPT UNPACKING pc=0x0000000002c6582a sp=0x0000000017abef40 mode 2
Event: 164.329 Executing VM operation: ParallelGCFailedAllocation
Event: 164.331 Executing VM operation: ParallelGCFailedAllocation done
Event: 164.332 Thread 0x000000001522e800 flushing nmethod 0x0000000002ecd390


Dynamic libraries:
0x00007ff7f1f10000 - 0x00007ff7f1f47000 	C:\Program Files\Java\jre1.8.0_121\bin\javaw.exe
0x00007ffac1800000 - 0x00007ffac19d1000 	C:\WINDOWS\SYSTEM32\ntdll.dll
0x00007ffabfd70000 - 0x00007ffabfe1b000 	C:\WINDOWS\System32\KERNEL32.DLL
0x00007ffabea10000 - 0x00007ffabec2d000 	C:\WINDOWS\System32\KERNELBASE.dll
0x00007ffabeee0000 - 0x00007ffabef82000 	C:\WINDOWS\System32\ADVAPI32.dll
0x00007ffabf840000 - 0x00007ffabf8de000 	C:\WINDOWS\System32\msvcrt.dll
0x00007ffabef90000 - 0x00007ffabefe9000 	C:\WINDOWS\System32\sechost.dll
0x00007ffac15a0000 - 0x00007ffac16c1000 	C:\WINDOWS\System32\RPCRT4.dll
0x00007ffabfa40000 - 0x00007ffabfba5000 	C:\WINDOWS\System32\USER32.dll
0x00007ffabe270000 - 0x00007ffabe28e000 	C:\WINDOWS\System32\win32u.dll
0x00007ffac1550000 - 0x00007ffac1584000 	C:\WINDOWS\System32\GDI32.dll
0x00007ffabe0e0000 - 0x00007ffabe262000 	C:\WINDOWS\System32\gdi32full.dll
0x00007ffaafad0000 - 0x00007ffaafd4a000 	C:\WINDOWS\WinSxS\amd64_microsoft.windows.common-controls_6595b64144ccf1df_6.0.14393.953_none_42151e83c686086b\COMCTL32.dll
0x00007ffabf540000 - 0x00007ffabf808000 	C:\WINDOWS\System32\combase.dll
0x00007ffabdcf0000 - 0x00007ffabdde5000 	C:\WINDOWS\System32\ucrtbase.dll
0x00007ffabddf0000 - 0x00007ffabde5a000 	C:\WINDOWS\System32\bcryptPrimitives.dll
0x00007ffabf810000 - 0x00007ffabf83e000 	C:\WINDOWS\System32\IMM32.DLL
0x0000000050d40000 - 0x0000000050e12000 	C:\Program Files\Java\jre1.8.0_121\bin\msvcr100.dll
0x00000000504a0000 - 0x0000000050d3b000 	C:\Program Files\Java\jre1.8.0_121\bin\server\jvm.dll
0x00007ffac1590000 - 0x00007ffac1598000 	C:\WINDOWS\System32\PSAPI.DLL
0x00007ffaaef50000 - 0x00007ffaaef59000 	C:\WINDOWS\SYSTEM32\WSOCK32.dll
0x00007ffabbf40000 - 0x00007ffabbf63000 	C:\WINDOWS\SYSTEM32\WINMM.dll
0x00007ffac16d0000 - 0x00007ffac173a000 	C:\WINDOWS\System32\WS2_32.dll
0x00007ffab04c0000 - 0x00007ffab04ca000 	C:\WINDOWS\SYSTEM32\VERSION.dll
0x00007ffabbef0000 - 0x00007ffabbf1b000 	C:\WINDOWS\SYSTEM32\WINMMBASE.dll
0x00007ffabe090000 - 0x00007ffabe0d2000 	C:\WINDOWS\System32\cfgmgr32.dll
0x0000000050490000 - 0x000000005049f000 	C:\Program Files\Java\jre1.8.0_121\bin\verify.dll
0x0000000050460000 - 0x0000000050489000 	C:\Program Files\Java\jre1.8.0_121\bin\java.dll
0x0000000050440000 - 0x0000000050456000 	C:\Program Files\Java\jre1.8.0_121\bin\zip.dll
0x00007ffabfe90000 - 0x00007ffac1399000 	C:\WINDOWS\System32\SHELL32.dll
0x00007ffabe330000 - 0x00007ffabea0a000 	C:\WINDOWS\System32\windows.storage.dll
0x00007ffabdc90000 - 0x00007ffabdcdc000 	C:\WINDOWS\System32\powrprof.dll
0x00007ffabfc10000 - 0x00007ffabfc62000 	C:\WINDOWS\System32\shlwapi.dll
0x00007ffabdc80000 - 0x00007ffabdc8f000 	C:\WINDOWS\System32\kernel.appcore.dll
0x00007ffabece0000 - 0x00007ffabed89000 	C:\WINDOWS\System32\shcore.dll
0x00007ffabdc60000 - 0x00007ffabdc74000 	C:\WINDOWS\System32\profapi.dll
0x0000000065580000 - 0x0000000065616000 	C:\Users\xenza\AppData\Local\Temp\libgdxxenza\2ec99cb7\gdx64.dll
0x0000000180000000 - 0x0000000180053000 	C:\Users\xenza\AppData\Local\Temp\libgdxxenza\dc0f0009\lwjgl64.dll
0x00007ffaa5e50000 - 0x00007ffaa5f73000 	C:\WINDOWS\SYSTEM32\OPENGL32.dll
0x00007ffaa5d50000 - 0x00007ffaa5e47000 	C:\WINDOWS\SYSTEM32\DDRAW.dll
0x00007ffaa6760000 - 0x00007ffaa678d000 	C:\WINDOWS\SYSTEM32\GLU32.dll
0x00007ffaba650000 - 0x00007ffaba658000 	C:\WINDOWS\SYSTEM32\DCIMAN32.dll
0x0000000002900000 - 0x0000000002964000 	C:\Users\xenza\AppData\Local\Temp\libgdxxenza\dc0f0009\OpenAL64.dll
0x00007ffabed90000 - 0x00007ffabeec7000 	C:\WINDOWS\System32\ole32.dll
0x00007ffabc3e0000 - 0x00007ffabc475000 	C:\WINDOWS\system32\uxtheme.dll
0x00007ffaab2e0000 - 0x00007ffaab378000 	C:\Program Files\Common Files\microsoft shared\ink\tiptsf.dll
0x00007ffabf050000 - 0x00007ffabf10f000 	C:\WINDOWS\System32\OLEAUT32.dll
0x00007ffabe290000 - 0x00007ffabe32c000 	C:\WINDOWS\System32\msvcp_win.dll
0x00007ffac1760000 - 0x00007ffac17ff000 	C:\WINDOWS\System32\clbcatq.dll
0x00007ffabb580000 - 0x00007ffabb705000 	C:\WINDOWS\System32\PROPSYS.dll
0x00007ffaa5cb0000 - 0x00007ffaa5d4b000 	C:\WINDOWS\SYSTEM32\dsound.dll
0x00007ffab9c20000 - 0x00007ffab9c91000 	C:\WINDOWS\System32\MMDevApi.dll
0x00007ffabc8e0000 - 0x00007ffabc908000 	C:\WINDOWS\System32\DEVOBJ.dll
0x00007ffab9ac0000 - 0x00007ffab9b54000 	C:\WINDOWS\SYSTEM32\AUDIOSES.DLL
0x00007ffabaea0000 - 0x00007ffabafd6000 	C:\WINDOWS\SYSTEM32\wintypes.dll
0x00007ffabf8e0000 - 0x00007ffabfa3a000 	C:\WINDOWS\System32\MSCTF.dll
0x00007ffabb750000 - 0x00007ffabb776000 	C:\WINDOWS\system32\dwmapi.dll
0x00007ffa90b80000 - 0x00007ffa9169f000 	C:\WINDOWS\SYSTEM32\ig75icd64.dll
0x00007ffab77a0000 - 0x00007ffab81bf000 	C:\WINDOWS\SYSTEM32\igdusc64.dll
0x00007ffabb4f0000 - 0x00007ffabb503000 	C:\WINDOWS\SYSTEM32\WTSAPI32.dll
0x00007ffaa5c10000 - 0x00007ffaa5ca1000 	C:\WINDOWS\SYSTEM32\mscms.dll
0x00007ffabd410000 - 0x00007ffabd42f000 	C:\WINDOWS\SYSTEM32\USERENV.dll
0x00007ffaa6020000 - 0x00007ffaa6062000 	C:\WINDOWS\SYSTEM32\icm32.dll
0x00007ffab4f70000 - 0x00007ffab511a000 	C:\Windows\System32\uiautomationcore.dll
0x00007ffabdb30000 - 0x00007ffabdbc8000 	C:\WINDOWS\SYSTEM32\sxs.dll
0x00007ffab1310000 - 0x00007ffab1375000 	C:\Windows\System32\OLEACC.dll
0x0000000050430000 - 0x000000005043d000 	C:\Program Files\Java\jre1.8.0_121\bin\management.dll
0x0000000050410000 - 0x000000005042a000 	C:\Program Files\Java\jre1.8.0_121\bin\net.dll
0x00007ffabd590000 - 0x00007ffabd5ec000 	C:\WINDOWS\system32\mswsock.dll
0x00007ffaa4d80000 - 0x00007ffaa4d96000 	C:\WINDOWS\system32\napinsp.dll
0x00007ffaa4da0000 - 0x00007ffaa4dba000 	C:\WINDOWS\system32\pnrpnsp.dll
0x00007ffabbf20000 - 0x00007ffabbf38000 	C:\WINDOWS\system32\NLAapi.dll
0x00007ffabd350000 - 0x00007ffabd3f1000 	C:\WINDOWS\SYSTEM32\DNSAPI.dll
0x00007ffabeed0000 - 0x00007ffabeed8000 	C:\WINDOWS\System32\NSI.dll
0x00007ffabd310000 - 0x00007ffabd348000 	C:\WINDOWS\SYSTEM32\IPHLPAPI.DLL
0x00007ffaa4dc0000 - 0x00007ffaa4dce000 	C:\WINDOWS\System32\winrnr.dll
0x00007ffaa4de0000 - 0x00007ffaa4df5000 	C:\WINDOWS\System32\wshbth.dll
0x0000000053d70000 - 0x0000000053d96000 	C:\Program Files\Bonjour\mdnsNSP.dll
0x00007ffaafd80000 - 0x00007ffaafd8a000 	C:\Windows\System32\rasadhlp.dll
0x00007ffab5e30000 - 0x00007ffab5e9a000 	C:\WINDOWS\System32\fwpuclnt.dll
0x00007ffabd840000 - 0x00007ffabd86b000 	C:\WINDOWS\SYSTEM32\bcrypt.dll
0x00000000503f0000 - 0x0000000050401000 	C:\Program Files\Java\jre1.8.0_121\bin\nio.dll
0x000000006a740000 - 0x000000006a7f1000 	C:\Users\xenza\AppData\Local\Temp\libgdxxenza\c0c1eece\gdx-freetype64.dll
0x00007ffab1400000 - 0x00007ffab145e000 	C:\WINDOWS\system32\Ninput.dll

VM Arguments:
jvm_args: -Dfile.encoding=Cp1252 
java_command: com.unimelb.swen30006.metromadness.desktop.DesktopLauncher
java_class_path (initial): C:\Users\xenza\Desktop\SWEN30006\Projects\Part B\metro madness\desktop\bin;C:\Users\xenza\.gradle\caches\modules-2\files-2.1\com.badlogicgames.gdx\gdx-backend-lwjgl\1.9.2\d710a8704ed584ec2ba9ca52e3a6a5885dd759cc\gdx-backend-lwjgl-1.9.2.jar;C:\Users\xenza\.gradle\caches\modules-2\files-2.1\com.badlogicgames.gdx\gdx-freetype-platform\1.9.2\1e1afb0b6c9e8aeb7d495cb8f55c353d3da58cf0\gdx-freetype-platform-1.9.2-natives-desktop.jar;C:\Users\xenza\.gradle\caches\modules-2\files-2.1\com.badlogicgames.gdx\gdx-freetype\1.9.2\3609253d14edb1b3ca5aacff4e06989edde75be4\gdx-freetype-1.9.2.jar;C:\Users\xenza\.gradle\caches\modules-2\files-2.1\com.badlogicgames.gdx\gdx-platform\1.9.2\dde4cf7e9ce61c24042f512203aed87657496639\gdx-platform-1.9.2-natives-desktop.jar;C:\Users\xenza\.gradle\caches\modules-2\files-2.1\com.badlogicgames.gdx\gdx\1.9.2\e641cb91bec06bc64d9ddf7a7d7062caceec73cd\gdx-1.9.2.jar;C:\Users\xenza\.gradle\caches\modules-2\files-2.1\com.badlogicgames.jlayer\jlayer\1.0.1-gdx\7cca83cec5c1b2f011362f4d85aabd71a73b049d\jlayer-1.0.1-gdx.jar;C:\Users\xenza\.gradle\caches\modules-2\files-2.1\net.java.jinput\jinput-platform\2.0.5\385ee093e01f587f30ee1c8a2ee7d408fd732e16\jinput-platform-2.0.5-natives-windows.jar;C:\Users\xenza\.gradle\caches\modules-2\files-2.1\net.java.jinput\jinput-platform\2.0.5\53f9c919f34d2ca9de8c51fc4e1e8282029a9232\jinput-platform-2.0.5-natives-osx.jar;C:\Users\xenza\.gradle\caches\modules-2\files-2.1\net.java.jinput\jinput-platform\2.0.5\7ff832a6eb9ab6a767f1ade2b548092d0fa64795\jinput-platform-2.0.5-natives-linux.jar;C:\Users\xenza\.gradle\caches\modules-2\files-2.1\net.java.jinput\jinput\2.0.5\39c7796b469a600f72380316f6b1f11db6c2c7c4\jinput-2.0.5.jar;C:\Users\xenza\.gradle\caches\modules-2\files-2.1\net.java.jutils\jutils\1.0.0\e12fe1fda814bd348c1579329c86943d2cd3c6a6\jutils-1.0.0.jar;C:\Users\xenza\.gradle\caches\modules-2\files-2.1\org.apache.logging.log4j\log4j-api\2.1\588c32c91544d80cc706447aa2b8037230114931\log4j-api-2.1.
Launcher Type: SUN_STANDARD

Environment Variables:
JAVA_HOME=C:\Program Files\Java\jdk1.8.0_121
JRE_HOME=C:\Program Files\Java\jre1.8.0_121
PATH=C:/Program Files/Java/jdk1.8.0_121/bin/../jre/bin/server;C:/Program Files/Java/jdk1.8.0_121/bin/../jre/bin;C:/Program Files/Java/jdk1.8.0_121/bin/../jre/lib/amd64;C:\Program Files\Java\jdk1.8.0_121\bin;C:\Program Files\Java\jre1.8.0_121\bin;C:\WINDOWS\system32;C:\WINDOWS;C:\WINDOWS\System32\Wbem;C:\WINDOWS\System32\WindowsPowerShell\v1.0\;C:\ProgramData\Oracle\Java\javapath;C:\ProgramData\Anaconda3;C:\ProgramData\Anaconda3\Scripts;C:\ProgramData\Anaconda3\Library\bin;C:\Program Files\PuTTY\;C:\Users\xenza\AppData\Local\Microsoft\WindowsApps;;C:\Users\xenza\eclipse\sts-3.8.4;
USERNAME=xenza
OS=Windows_NT
PROCESSOR_IDENTIFIER=Intel64 Family 6 Model 69 Stepping 1, GenuineIntel



---------------  S Y S T E M  ---------------

OS: Windows 10.0 , 64 bit Build 14393 (10.0.14393.0)

CPU:total 4 (2 cores per cpu, 2 threads per core) family 6 model 69 stepping 1, cmov, cx8, fxsr, mmx, sse, sse2, sse3, ssse3, sse4.1, sse4.2, popcnt, avx, avx2, aes, clmul, erms, lzcnt, ht, tsc, tscinvbit, bmi1, bmi2

Memory: 4k page, physical 4111740k(853204k free), swap 6060832k(40k free)

vm_info: Java HotSpot(TM) 64-Bit Server VM (25.121-b13) for windows-amd64 JRE (1.8.0_121-b13), built on Dec 12 2016 18:21:36 by "java_re" with MS VC++ 10.0 (VS2010)

time: Thu Apr 13 01:50:25 2017
elapsed time: 165 seconds (0d 0h 2m 45s)

